2019-04-11 17:01:17.781 [main] INFO  icp.icpForCitln.IcpForCitlnApplication.logStarting:50 - Starting IcpForCitlnApplication on 韭菜馅糖包 with PID 11356 (D:\DevelopmentWorkSpace\JavaWorkSpaces\icpForCitln\target\classes started by 方瑞冬 in D:\DevelopmentWorkSpace\JavaWorkSpaces\icpForCitln)
2019-04-11 17:01:17.806 [main] INFO  icp.icpForCitln.IcpForCitlnApplication.logStartupProfileInfo:675 - No active profile set, falling back to default profiles: default
2019-04-11 17:01:19.140 [main] INFO  o.s.d.repository.config.RepositoryConfigurationDelegate.registerRepositoriesIn:126 - Bootstrapping Spring Data repositories in DEFAULT mode.
2019-04-11 17:01:19.174 [main] INFO  o.s.d.repository.config.RepositoryConfigurationDelegate.registerRepositoriesIn:182 - Finished Spring Data repository scanning in 23ms. Found 0 repository interfaces.
2019-04-11 17:01:19.995 [main] INFO  o.s.boot.web.embedded.tomcat.TomcatWebServer.initialize:90 - Tomcat initialized with port(s): 8080 (http)
2019-04-11 17:01:20.016 [main] INFO  org.apache.coyote.http11.Http11NioProtocol.log:173 - Initializing ProtocolHandler ["http-nio-8080"]
2019-04-11 17:01:20.031 [main] INFO  org.apache.catalina.core.StandardService.log:173 - Starting service [Tomcat]
2019-04-11 17:01:20.031 [main] INFO  org.apache.catalina.core.StandardEngine.log:173 - Starting Servlet engine: [Apache Tomcat/9.0.16]
2019-04-11 17:01:20.046 [main] INFO  org.apache.catalina.core.AprLifecycleListener.log:173 - The APR based Apache Tomcat Native library which allows optimal performance in production environments was not found on the java.library.path: [D:\Java\jdk\jdk1.8.0_191\bin;C:\windows\Sun\Java\bin;C:\windows\system32;C:\windows;C:\Program Files (x86)\Common Files\Oracle\Java\javapath;C:\windows\system32;C:\windows;C:\windows\System32\Wbem;C:\windows\System32\WindowsPowerShell\v1.0\;C:\windows\System32\OpenSSH\;C:\Program Files (x86)\NVIDIA Corporation\PhysX\Common;D:\Java\jdk\jdk1.8.0_191\bin;D:\Java\jdk\jdk1.8.0_191\jre\bin;;C:\Program Files\NVIDIA Corporation\NVIDIA NvDLISR;C:\Program Files\Intel\WiFi\bin\;C:\Program Files\Common Files\Intel\WirelessCommon\;D:\mysql-5.6.42-winx64\bin;D:\TortoiseSVN\bin;D:\Redis\;D:\Python\Python35\Scripts\;D:\Python\Python35\;D:\Python\Python37\Scripts\;D:\Python\Python37\;C:\Users\方瑞冬\AppData\Local\Microsoft\WindowsApps;C:\Program Files\Intel\WiFi\bin\;C:\Program Files\Common Files\Intel\WirelessCommon\;D:\MongoDB\Server\4.0\bin;;.]
2019-04-11 17:01:20.248 [main] INFO  o.a.catalina.core.ContainerBase.[Tomcat].[localhost].[/].log:173 - Initializing Spring embedded WebApplicationContext
2019-04-11 17:01:20.248 [main] INFO  org.springframework.web.context.ContextLoader.prepareWebApplicationContext:296 - Root WebApplicationContext: initialization completed in 2397 ms
2019-04-11 17:01:22.238 [main] INFO  org.mongodb.driver.cluster.info:71 - Cluster created with settings {hosts=[localhost:27017], mode=SINGLE, requiredClusterType=UNKNOWN, serverSelectionTimeout='30000 ms', maxWaitQueueSize=500}
2019-04-11 17:01:22.298 [cluster-ClusterId{value='5caf02622151742c5c401dd4', description='null'}-localhost:27017] INFO  org.mongodb.driver.connection.info:71 - Opened connection [connectionId{localValue:1, serverValue:5}] to localhost:27017
2019-04-11 17:01:22.302 [cluster-ClusterId{value='5caf02622151742c5c401dd4', description='null'}-localhost:27017] INFO  org.mongodb.driver.cluster.info:71 - Monitor thread successfully connected to server with description ServerDescription{address=localhost:27017, type=STANDALONE, state=CONNECTED, ok=true, version=ServerVersion{versionList=[4, 0, 6]}, minWireVersion=0, maxWireVersion=7, maxDocumentSize=16777216, logicalSessionTimeoutMinutes=30, roundTripTimeNanos=2525900}
2019-04-11 17:01:22.891 [main] INFO  o.s.scheduling.concurrent.ThreadPoolTaskExecutor.initialize:171 - Initializing ExecutorService 'applicationTaskExecutor'
2019-04-11 17:01:23.036 [main] INFO  o.s.b.a.web.servlet.WelcomePageHandlerMapping.<init>:61 - Adding welcome page template: index
2019-04-11 17:01:23.230 [main] INFO  o.s.boot.actuate.endpoint.web.EndpointLinksResolver.<init>:59 - Exposing 2 endpoint(s) beneath base path '/actuator'
2019-04-11 17:01:23.292 [main] INFO  org.apache.coyote.http11.Http11NioProtocol.log:173 - Starting ProtocolHandler ["http-nio-8080"]
2019-04-11 17:01:23.319 [main] INFO  o.s.boot.web.embedded.tomcat.TomcatWebServer.start:204 - Tomcat started on port(s): 8080 (http) with context path ''
2019-04-11 17:01:23.325 [main] INFO  icp.icpForCitln.IcpForCitlnApplication.logStarted:59 - Started IcpForCitlnApplication in 6.119 seconds (JVM running for 7.689)
2019-04-11 17:01:23.467 [RMI TCP Connection(7)-127.0.0.1] INFO  o.a.catalina.core.ContainerBase.[Tomcat].[localhost].[/].log:173 - Initializing Spring DispatcherServlet 'dispatcherServlet'
2019-04-11 17:01:23.468 [RMI TCP Connection(7)-127.0.0.1] INFO  org.springframework.web.servlet.DispatcherServlet.initServletBean:524 - Initializing Servlet 'dispatcherServlet'
2019-04-11 17:01:23.478 [RMI TCP Connection(7)-127.0.0.1] INFO  org.springframework.web.servlet.DispatcherServlet.initServletBean:546 - Completed initialization in 10 ms
2019-04-11 17:01:23.488 [RMI TCP Connection(4)-127.0.0.1] INFO  org.mongodb.driver.connection.info:71 - Opened connection [connectionId{localValue:2, serverValue:6}] to localhost:27017
